\BOOKMARK [0][-]{chapter.1}{\376\377\000E\000y\000e\000B\000o\000t\000\137\000B\000B\000\040\000D\000o\000c\000u\000m\000e\000n\000t\000a\000t\000i\000o\000n}{}
\BOOKMARK [0][-]{chapter.2}{\376\377\000C\000l\000a\000s\000s\000\040\000I\000n\000d\000e\000x}{}
\BOOKMARK [1][-]{section.2.1}{\376\377\000C\000l\000a\000s\000s\000\040\000L\000i\000s\000t}{chapter.2}
\BOOKMARK [0][-]{chapter.3}{\376\377\000F\000i\000l\000e\000\040\000I\000n\000d\000e\000x}{}
\BOOKMARK [1][-]{section.3.1}{\376\377\000F\000i\000l\000e\000\040\000L\000i\000s\000t}{chapter.3}
\BOOKMARK [0][-]{chapter.4}{\376\377\000C\000l\000a\000s\000s\000\040\000D\000o\000c\000u\000m\000e\000n\000t\000a\000t\000i\000o\000n}{}
\BOOKMARK [1][-]{section.4.1}{\376\377\000\137\000H\000D\000T\000D\000e\000v\000A\000D\000C\000\137\000t\000\040\000S\000t\000r\000u\000c\000t\000\040\000R\000e\000f\000e\000r\000e\000n\000c\000e}{chapter.4}
\BOOKMARK [1][-]{section.4.2}{\376\377\000\137\000H\000D\000T\000D\000e\000v\000A\000L\000L\000\137\000t\000\040\000S\000t\000r\000u\000c\000t\000\040\000R\000e\000f\000e\000r\000e\000n\000c\000e}{chapter.4}
\BOOKMARK [1][-]{section.4.3}{\376\377\000\137\000H\000D\000T\000D\000e\000v\000C\000A\000M\000\137\000t\000\040\000S\000t\000r\000u\000c\000t\000\040\000R\000e\000f\000e\000r\000e\000n\000c\000e}{chapter.4}
\BOOKMARK [1][-]{section.4.4}{\376\377\000\137\000H\000D\000T\000D\000e\000v\000C\000O\000M\000\137\000t\000\040\000S\000t\000r\000u\000c\000t\000\040\000R\000e\000f\000e\000r\000e\000n\000c\000e}{chapter.4}
\BOOKMARK [1][-]{section.4.5}{\376\377\000\137\000H\000D\000T\000D\000e\000v\000D\000R\000I\000V\000E\000\137\000t\000\040\000S\000t\000r\000u\000c\000t\000\040\000R\000e\000f\000e\000r\000e\000n\000c\000e}{chapter.4}
\BOOKMARK [1][-]{section.4.6}{\376\377\000\137\000H\000D\000T\000D\000e\000v\000E\000N\000C\000O\000D\000E\000R\000\137\000t\000\040\000S\000t\000r\000u\000c\000t\000\040\000R\000e\000f\000e\000r\000e\000n\000c\000e}{chapter.4}
\BOOKMARK [1][-]{section.4.7}{\376\377\000\137\000H\000D\000T\000D\000e\000v\000i\000c\000e\000\137\000t\000\040\000S\000t\000r\000u\000c\000t\000\040\000R\000e\000f\000e\000r\000e\000n\000c\000e}{chapter.4}
\BOOKMARK [1][-]{section.4.8}{\376\377\000\137\000H\000D\000T\000D\000e\000v\000I\000R\000T\000V\000\137\000t\000\040\000S\000t\000r\000u\000c\000t\000\040\000R\000e\000f\000e\000r\000e\000n\000c\000e}{chapter.4}
\BOOKMARK [1][-]{section.4.9}{\376\377\000\137\000H\000D\000T\000D\000e\000v\000M\000O\000T\000O\000R\000\137\000t\000\040\000S\000t\000r\000u\000c\000t\000\040\000R\000e\000f\000e\000r\000e\000n\000c\000e}{chapter.4}
\BOOKMARK [1][-]{section.4.10}{\376\377\000\137\000H\000D\000T\000D\000e\000v\000P\000S\000D\000\137\000t\000\040\000S\000t\000r\000u\000c\000t\000\040\000R\000e\000f\000e\000r\000e\000n\000c\000e}{chapter.4}
\BOOKMARK [1][-]{section.4.11}{\376\377\000\137\000H\000D\000T\000D\000e\000v\000S\000E\000R\000V\000O\000\137\000t\000\040\000S\000t\000r\000u\000c\000t\000\040\000R\000e\000f\000e\000r\000e\000n\000c\000e}{chapter.4}
\BOOKMARK [1][-]{section.4.12}{\376\377\000\137\000H\000D\000T\000E\000n\000t\000r\000y\000\137\000t\000\040\000S\000t\000r\000u\000c\000t\000\040\000R\000e\000f\000e\000r\000e\000n\000c\000e}{chapter.4}
\BOOKMARK [1][-]{section.4.13}{\376\377\000\137\000H\000D\000T\000T\000a\000b\000l\000e\000\137\000t\000\040\000S\000t\000r\000u\000c\000t\000\040\000R\000e\000f\000e\000r\000e\000n\000c\000e}{chapter.4}
\BOOKMARK [1][-]{section.4.14}{\376\377\000\137\000H\000D\000T\000T\000y\000p\000e\000s\000\137\000t\000\040\000S\000t\000r\000u\000c\000t\000\040\000R\000e\000f\000e\000r\000e\000n\000c\000e}{chapter.4}
\BOOKMARK [1][-]{section.4.15}{\376\377\000\137\000p\000r\000o\000c\000e\000s\000s\000\137\000t\000\040\000S\000t\000r\000u\000c\000t\000\040\000R\000e\000f\000e\000r\000e\000n\000c\000e}{chapter.4}
\BOOKMARK [1][-]{section.4.16}{\376\377\000\137\000p\000r\000o\000c\000l\000i\000s\000t\000\137\000t\000\040\000S\000t\000r\000u\000c\000t\000\040\000R\000e\000f\000e\000r\000e\000n\000c\000e}{chapter.4}
\BOOKMARK [1][-]{section.4.17}{\376\377\000c\000o\000o\000r\000d\000\137\000p\000a\000i\000r\000\137\000t\000\040\000S\000t\000r\000u\000c\000t\000\040\000R\000e\000f\000e\000r\000e\000n\000c\000e}{chapter.4}
\BOOKMARK [2][-]{subsection.4.17.1}{\376\377\000D\000e\000t\000a\000i\000l\000e\000d\000\040\000D\000e\000s\000c\000r\000i\000p\000t\000i\000o\000n}{section.4.17}
\BOOKMARK [1][-]{section.4.18}{\376\377\000c\000u\000r\000s\000o\000r\000\137\000t\000\040\000S\000t\000r\000u\000c\000t\000\040\000R\000e\000f\000e\000r\000e\000n\000c\000e}{chapter.4}
\BOOKMARK [1][-]{section.4.19}{\376\377\000f\000b\000i\000n\000f\000o\000\137\000t\000\040\000S\000t\000r\000u\000c\000t\000\040\000R\000e\000f\000e\000r\000e\000n\000c\000e}{chapter.4}
\BOOKMARK [1][-]{section.4.20}{\376\377\000H\000i\000n\000t\000s\000\040\000S\000t\000r\000u\000c\000t\000\040\000R\000e\000f\000e\000r\000e\000n\000c\000e}{chapter.4}
\BOOKMARK [1][-]{section.4.21}{\376\377\000i\000n\000f\000o\000\137\000c\000p\000u\000\137\000t\000\040\000S\000t\000r\000u\000c\000t\000\040\000R\000e\000f\000e\000r\000e\000n\000c\000e}{chapter.4}
\BOOKMARK [1][-]{section.4.22}{\376\377\000i\000n\000f\000o\000\137\000m\000e\000m\000\137\000t\000\040\000S\000t\000r\000u\000c\000t\000\040\000R\000e\000f\000e\000r\000e\000n\000c\000e}{chapter.4}
\BOOKMARK [1][-]{section.4.23}{\376\377\000i\000n\000f\000o\000\137\000m\000i\000s\000c\000\137\000t\000\040\000S\000t\000r\000u\000c\000t\000\040\000R\000e\000f\000e\000r\000e\000n\000c\000e}{chapter.4}
\BOOKMARK [1][-]{section.4.24}{\376\377\000i\000n\000f\000o\000\137\000p\000r\000o\000c\000\137\000t\000\040\000S\000t\000r\000u\000c\000t\000\040\000R\000e\000f\000e\000r\000e\000n\000c\000e}{chapter.4}
\BOOKMARK [1][-]{section.4.25}{\376\377\000L\000C\000D\000H\000a\000n\000d\000l\000e\000\040\000S\000t\000r\000u\000c\000t\000\040\000R\000e\000f\000e\000r\000e\000n\000c\000e}{chapter.4}
\BOOKMARK [2][-]{subsection.4.25.1}{\376\377\000D\000e\000t\000a\000i\000l\000e\000d\000\040\000D\000e\000s\000c\000r\000i\000p\000t\000i\000o\000n}{section.4.25}
\BOOKMARK [1][-]{section.4.26}{\376\377\000l\000i\000s\000t\000m\000e\000n\000u\000\137\000t\000\040\000S\000t\000r\000u\000c\000t\000\040\000R\000e\000f\000e\000r\000e\000n\000c\000e}{chapter.4}
\BOOKMARK [1][-]{section.4.27}{\376\377\000m\0006\000k\000e\000y\000\137\000b\000o\000x\000\137\000t\000\040\000S\000t\000r\000u\000c\000t\000\040\000R\000e\000f\000e\000r\000e\000n\000c\000e}{chapter.4}
\BOOKMARK [1][-]{section.4.28}{\376\377\000m\000e\000n\000u\000i\000t\000e\000m\000\137\000t\000\040\000S\000t\000r\000u\000c\000t\000\040\000R\000e\000f\000e\000r\000e\000n\000c\000e}{chapter.4}
\BOOKMARK [1][-]{section.4.29}{\376\377\000r\000e\000c\000t\000\137\000t\000\040\000S\000t\000r\000u\000c\000t\000\040\000R\000e\000f\000e\000r\000e\000n\000c\000e}{chapter.4}
\BOOKMARK [2][-]{subsection.4.29.1}{\376\377\000D\000e\000t\000a\000i\000l\000e\000d\000\040\000D\000e\000s\000c\000r\000i\000p\000t\000i\000o\000n}{section.4.29}
\BOOKMARK [1][-]{section.4.30}{\376\377\000s\000c\000r\000e\000e\000n\000\137\000t\000\040\000S\000t\000r\000u\000c\000t\000\040\000R\000e\000f\000e\000r\000e\000n\000c\000e}{chapter.4}
\BOOKMARK [1][-]{section.4.31}{\376\377\000t\000o\000u\000c\000h\000\137\000e\000v\000e\000n\000t\000\137\000t\000\040\000S\000t\000r\000u\000c\000t\000\040\000R\000e\000f\000e\000r\000e\000n\000c\000e}{chapter.4}
\BOOKMARK [1][-]{section.4.32}{\376\377\000t\000o\000u\000c\000h\000\137\000m\000a\000p\000\137\000t\000\040\000S\000t\000r\000u\000c\000t\000\040\000R\000e\000f\000e\000r\000e\000n\000c\000e}{chapter.4}
\BOOKMARK [0][-]{chapter.5}{\376\377\000F\000i\000l\000e\000\040\000D\000o\000c\000u\000m\000e\000n\000t\000a\000t\000i\000o\000n}{}
\BOOKMARK [1][-]{section.5.1}{\376\377\000E\000y\000e\000B\000o\000t\000\137\000B\000B\000/\000i\000n\000c\000l\000u\000d\000e\000/\000a\000d\000c\000.\000h\000\040\000F\000i\000l\000e\000\040\000R\000e\000f\000e\000r\000e\000n\000c\000e}{chapter.5}
\BOOKMARK [2][-]{subsection.5.1.1}{\376\377\000D\000e\000t\000a\000i\000l\000e\000d\000\040\000D\000e\000s\000c\000r\000i\000p\000t\000i\000o\000n}{section.5.1}
\BOOKMARK [2][-]{subsection.5.1.2}{\376\377\000F\000u\000n\000c\000t\000i\000o\000n\000\040\000D\000o\000c\000u\000m\000e\000n\000t\000a\000t\000i\000o\000n}{section.5.1}
\BOOKMARK [3][-]{subsubsection.5.1.2.1}{\376\377\000C\000o\000n\000v\000A\000D\000C\000S\000a\000m\000p\000l\000e\000T\000o\000V\000o\000l\000t\000a\000g\000e}{subsection.5.1.2}
\BOOKMARK [3][-]{subsubsection.5.1.2.2}{\376\377\000O\000S\000A\000D\000C\000R\000e\000l\000e\000a\000s\000e}{subsection.5.1.2}
\BOOKMARK [3][-]{subsubsection.5.1.2.3}{\376\377\000O\000S\000G\000e\000t\000A\000D\000C}{subsection.5.1.2}
\BOOKMARK [3][-]{subsubsection.5.1.2.4}{\376\377\000O\000S\000I\000n\000i\000t\000A\000D\000C}{subsection.5.1.2}
\BOOKMARK [1][-]{section.5.2}{\376\377\000E\000y\000e\000B\000o\000t\000\137\000B\000B\000/\000i\000n\000c\000l\000u\000d\000e\000/\000c\000a\000m\000e\000r\000a\000.\000h\000\040\000F\000i\000l\000e\000\040\000R\000e\000f\000e\000r\000e\000n\000c\000e}{chapter.5}
\BOOKMARK [2][-]{subsection.5.2.1}{\376\377\000D\000e\000t\000a\000i\000l\000e\000d\000\040\000D\000e\000s\000c\000r\000i\000p\000t\000i\000o\000n}{section.5.2}
\BOOKMARK [2][-]{subsection.5.2.2}{\376\377\000F\000u\000n\000c\000t\000i\000o\000n\000\040\000D\000o\000c\000u\000m\000e\000n\000t\000a\000t\000i\000o\000n}{section.5.2}
\BOOKMARK [3][-]{subsubsection.5.2.2.1}{\376\377\000C\000A\000M\000G\000e\000t\000F\000r\000a\000m\000e\000R\000G\000B}{subsection.5.2.2}
\BOOKMARK [3][-]{subsubsection.5.2.2.2}{\376\377\000C\000A\000M\000I\000n\000i\000t}{subsection.5.2.2}
\BOOKMARK [1][-]{section.5.3}{\376\377\000E\000y\000e\000B\000o\000t\000\137\000B\000B\000/\000i\000n\000c\000l\000u\000d\000e\000/\000e\000y\000e\000b\000o\000t\000.\000h\000\040\000F\000i\000l\000e\000\040\000R\000e\000f\000e\000r\000e\000n\000c\000e}{chapter.5}
\BOOKMARK [2][-]{subsection.5.3.1}{\376\377\000D\000e\000t\000a\000i\000l\000e\000d\000\040\000D\000e\000s\000c\000r\000i\000p\000t\000i\000o\000n}{section.5.3}
\BOOKMARK [1][-]{section.5.4}{\376\377\000E\000y\000e\000B\000o\000t\000\137\000B\000B\000/\000i\000n\000c\000l\000u\000d\000e\000/\000g\000l\000o\000b\000a\000l\000s\000.\000h\000\040\000F\000i\000l\000e\000\040\000R\000e\000f\000e\000r\000e\000n\000c\000e}{chapter.5}
\BOOKMARK [2][-]{subsection.5.4.1}{\376\377\000D\000e\000t\000a\000i\000l\000e\000d\000\040\000D\000e\000s\000c\000r\000i\000p\000t\000i\000o\000n}{section.5.4}
\BOOKMARK [1][-]{section.5.5}{\376\377\000E\000y\000e\000B\000o\000t\000\137\000B\000B\000/\000i\000n\000c\000l\000u\000d\000e\000/\000h\000d\000t\000.\000h\000\040\000F\000i\000l\000e\000\040\000R\000e\000f\000e\000r\000e\000n\000c\000e}{chapter.5}
\BOOKMARK [2][-]{subsection.5.5.1}{\376\377\000D\000e\000t\000a\000i\000l\000e\000d\000\040\000D\000e\000s\000c\000r\000i\000p\000t\000i\000o\000n}{section.5.5}
\BOOKMARK [2][-]{subsection.5.5.2}{\376\377\000F\000u\000n\000c\000t\000i\000o\000n\000\040\000D\000o\000c\000u\000m\000e\000n\000t\000a\000t\000i\000o\000n}{section.5.5}
\BOOKMARK [3][-]{subsubsection.5.5.2.1}{\376\377\000H\000D\000T\000C\000l\000e\000a\000r\000A\000D\000C}{subsection.5.5.2}
\BOOKMARK [3][-]{subsubsection.5.5.2.2}{\376\377\000H\000D\000T\000C\000l\000e\000a\000r\000C\000A\000M}{subsection.5.5.2}
\BOOKMARK [3][-]{subsubsection.5.5.2.3}{\376\377\000H\000D\000T\000C\000l\000e\000a\000r\000C\000O\000M}{subsection.5.5.2}
\BOOKMARK [3][-]{subsubsection.5.5.2.4}{\376\377\000H\000D\000T\000C\000l\000e\000a\000r\000D\000R\000I\000V\000E}{subsection.5.5.2}
\BOOKMARK [3][-]{subsubsection.5.5.2.5}{\376\377\000H\000D\000T\000C\000l\000e\000a\000r\000E\000N\000C\000O\000D\000E\000R}{subsection.5.5.2}
\BOOKMARK [3][-]{subsubsection.5.5.2.6}{\376\377\000H\000D\000T\000C\000l\000e\000a\000r\000I\000R\000T\000V}{subsection.5.5.2}
\BOOKMARK [3][-]{subsubsection.5.5.2.7}{\376\377\000H\000D\000T\000C\000l\000e\000a\000r\000M\000O\000T\000O\000R}{subsection.5.5.2}
\BOOKMARK [3][-]{subsubsection.5.5.2.8}{\376\377\000H\000D\000T\000C\000l\000e\000a\000r\000P\000S\000D}{subsection.5.5.2}
\BOOKMARK [3][-]{subsubsection.5.5.2.9}{\376\377\000H\000D\000T\000C\000l\000e\000a\000r\000S\000E\000R\000V\000O}{subsection.5.5.2}
\BOOKMARK [3][-]{subsubsection.5.5.2.10}{\376\377\000H\000D\000T\000C\000l\000e\000a\000r\000T\000a\000b\000l\000e}{subsection.5.5.2}
\BOOKMARK [3][-]{subsubsection.5.5.2.11}{\376\377\000H\000D\000T\000F\000i\000n\000d\000E\000n\000t\000r\000y}{subsection.5.5.2}
\BOOKMARK [3][-]{subsubsection.5.5.2.12}{\376\377\000H\000D\000T\000F\000i\000n\000d\000T\000a\000b\000l\000e}{subsection.5.5.2}
\BOOKMARK [3][-]{subsubsection.5.5.2.13}{\376\377\000H\000D\000T\000L\000i\000n\000k\000D\000R\000V\0002\000E\000N\000C}{subsection.5.5.2}
\BOOKMARK [3][-]{subsubsection.5.5.2.14}{\376\377\000H\000D\000T\000L\000i\000n\000k\000E\000N\000C\0002\000M\000O\000T}{subsection.5.5.2}
\BOOKMARK [3][-]{subsubsection.5.5.2.15}{\376\377\000H\000D\000T\000L\000i\000s\000t\000E\000n\000t\000r\000y}{subsection.5.5.2}
\BOOKMARK [3][-]{subsubsection.5.5.2.16}{\376\377\000H\000D\000T\000L\000o\000a\000d\000A\000D\000C}{subsection.5.5.2}
\BOOKMARK [3][-]{subsubsection.5.5.2.17}{\376\377\000H\000D\000T\000L\000o\000a\000d\000C\000A\000M}{subsection.5.5.2}
\BOOKMARK [3][-]{subsubsection.5.5.2.18}{\376\377\000H\000D\000T\000L\000o\000a\000d\000C\000O\000M}{subsection.5.5.2}
\BOOKMARK [3][-]{subsubsection.5.5.2.19}{\376\377\000H\000D\000T\000L\000o\000a\000d\000D\000R\000I\000V\000E}{subsection.5.5.2}
\BOOKMARK [3][-]{subsubsection.5.5.2.20}{\376\377\000H\000D\000T\000L\000o\000a\000d\000E\000N\000C\000O\000D\000E\000R}{subsection.5.5.2}
\BOOKMARK [3][-]{subsubsection.5.5.2.21}{\376\377\000H\000D\000T\000L\000o\000a\000d\000I\000R\000T\000V}{subsection.5.5.2}
\BOOKMARK [3][-]{subsubsection.5.5.2.22}{\376\377\000H\000D\000T\000L\000o\000a\000d\000M\000O\000T\000O\000R}{subsection.5.5.2}
\BOOKMARK [3][-]{subsubsection.5.5.2.23}{\376\377\000H\000D\000T\000L\000o\000a\000d\000P\000S\000D}{subsection.5.5.2}
\BOOKMARK [3][-]{subsubsection.5.5.2.24}{\376\377\000H\000D\000T\000L\000o\000a\000d\000S\000E\000R\000V\000O}{subsection.5.5.2}
\BOOKMARK [3][-]{subsubsection.5.5.2.25}{\376\377\000H\000D\000T\000L\000o\000a\000d\000T\000a\000b\000l\000e}{subsection.5.5.2}
\BOOKMARK [3][-]{subsubsection.5.5.2.26}{\376\377\000H\000D\000T\000V\000a\000l\000i\000d\000a\000t\000e}{subsection.5.5.2}
\BOOKMARK [1][-]{section.5.6}{\376\377\000E\000y\000e\000B\000o\000t\000\137\000B\000B\000/\000i\000n\000c\000l\000u\000d\000e\000/\000i\000r\000t\000v\000.\000h\000\040\000F\000i\000l\000e\000\040\000R\000e\000f\000e\000r\000e\000n\000c\000e}{chapter.5}
\BOOKMARK [2][-]{subsection.5.6.1}{\376\377\000D\000e\000t\000a\000i\000l\000e\000d\000\040\000D\000e\000s\000c\000r\000i\000p\000t\000i\000o\000n}{section.5.6}
\BOOKMARK [2][-]{subsection.5.6.2}{\376\377\000F\000u\000n\000c\000t\000i\000o\000n\000\040\000D\000o\000c\000u\000m\000e\000n\000t\000a\000t\000i\000o\000n}{section.5.6}
\BOOKMARK [3][-]{subsubsection.5.6.2.1}{\376\377\000I\000R\000T\000V\000I\000n\000i\000t}{subsection.5.6.2}
\BOOKMARK [3][-]{subsubsection.5.6.2.2}{\376\377\000I\000R\000T\000V\000R\000e\000a\000d}{subsection.5.6.2}
\BOOKMARK [1][-]{section.5.7}{\376\377\000E\000y\000e\000B\000o\000t\000\137\000B\000B\000/\000i\000n\000c\000l\000u\000d\000e\000/\000k\000e\000y\000.\000h\000\040\000F\000i\000l\000e\000\040\000R\000e\000f\000e\000r\000e\000n\000c\000e}{chapter.5}
\BOOKMARK [2][-]{subsection.5.7.1}{\376\377\000D\000e\000t\000a\000i\000l\000e\000d\000\040\000D\000e\000s\000c\000r\000i\000p\000t\000i\000o\000n}{section.5.7}
\BOOKMARK [2][-]{subsection.5.7.2}{\376\377\000F\000u\000n\000c\000t\000i\000o\000n\000\040\000D\000o\000c\000u\000m\000e\000n\000t\000a\000t\000i\000o\000n}{section.5.7}
\BOOKMARK [3][-]{subsubsection.5.7.2.1}{\376\377\000K\000E\000Y\000D\000e\000c\000o\000d\000e}{subsection.5.7.2}
\BOOKMARK [3][-]{subsubsection.5.7.2.2}{\376\377\000K\000E\000Y\000G\000e\000t}{subsection.5.7.2}
\BOOKMARK [3][-]{subsubsection.5.7.2.3}{\376\377\000K\000E\000Y\000G\000e\000t\000R\000A\000W}{subsection.5.7.2}
\BOOKMARK [3][-]{subsubsection.5.7.2.4}{\376\377\000K\000E\000Y\000G\000e\000t\000R\000e\000g\000i\000o\000n}{subsection.5.7.2}
\BOOKMARK [3][-]{subsubsection.5.7.2.5}{\376\377\000K\000E\000Y\000G\000e\000t\000T\000M}{subsection.5.7.2}
\BOOKMARK [3][-]{subsubsection.5.7.2.6}{\376\377\000K\000E\000Y\000G\000e\000t\000X\000Y}{subsection.5.7.2}
\BOOKMARK [3][-]{subsubsection.5.7.2.7}{\376\377\000K\000E\000Y\000I\000d\000l\000e}{subsection.5.7.2}
\BOOKMARK [3][-]{subsubsection.5.7.2.8}{\376\377\000K\000E\000Y\000I\000n\000i\000t}{subsection.5.7.2}
\BOOKMARK [3][-]{subsubsection.5.7.2.9}{\376\377\000K\000E\000Y\000N\000o\000T\000o\000u\000c\000h}{subsection.5.7.2}
\BOOKMARK [3][-]{subsubsection.5.7.2.10}{\376\377\000K\000E\000Y\000R\000e\000a\000d}{subsection.5.7.2}
\BOOKMARK [3][-]{subsubsection.5.7.2.11}{\376\377\000K\000E\000Y\000R\000e\000l\000e\000a\000s\000e}{subsection.5.7.2}
\BOOKMARK [3][-]{subsubsection.5.7.2.12}{\376\377\000K\000E\000Y\000S\000e\000t\000R\000e\000g\000i\000o\000n}{subsection.5.7.2}
\BOOKMARK [3][-]{subsubsection.5.7.2.13}{\376\377\000K\000E\000Y\000S\000e\000t\000T\000M}{subsection.5.7.2}
\BOOKMARK [3][-]{subsubsection.5.7.2.14}{\376\377\000K\000E\000Y\000W\000a\000i\000t}{subsection.5.7.2}
\BOOKMARK [1][-]{section.5.8}{\376\377\000E\000y\000e\000B\000o\000t\000\137\000B\000B\000/\000i\000n\000c\000l\000u\000d\000e\000/\000l\000a\000t\000c\000h\000e\000s\000.\000h\000\040\000F\000i\000l\000e\000\040\000R\000e\000f\000e\000r\000e\000n\000c\000e}{chapter.5}
\BOOKMARK [2][-]{subsection.5.8.1}{\376\377\000D\000e\000t\000a\000i\000l\000e\000d\000\040\000D\000e\000s\000c\000r\000i\000p\000t\000i\000o\000n}{section.5.8}
\BOOKMARK [2][-]{subsection.5.8.2}{\376\377\000F\000u\000n\000c\000t\000i\000o\000n\000\040\000D\000o\000c\000u\000m\000e\000n\000t\000a\000t\000i\000o\000n}{section.5.8}
\BOOKMARK [3][-]{subsubsection.5.8.2.1}{\376\377\000O\000S\000L\000a\000t\000c\000h\000B\000a\000n\000k\000S\000e\000t\000u\000p}{subsection.5.8.2}
\BOOKMARK [3][-]{subsubsection.5.8.2.2}{\376\377\000O\000S\000L\000a\000t\000c\000h\000C\000l\000e\000a\000n\000u\000p}{subsection.5.8.2}
\BOOKMARK [3][-]{subsubsection.5.8.2.3}{\376\377\000O\000S\000L\000a\000t\000c\000h\000I\000n\000i\000t}{subsection.5.8.2}
\BOOKMARK [3][-]{subsubsection.5.8.2.4}{\376\377\000O\000S\000L\000a\000t\000c\000h\000R\000e\000a\000d}{subsection.5.8.2}
\BOOKMARK [3][-]{subsubsection.5.8.2.5}{\376\377\000O\000S\000L\000a\000t\000c\000h\000S\000e\000t\000u\000p}{subsection.5.8.2}
\BOOKMARK [3][-]{subsubsection.5.8.2.6}{\376\377\000O\000S\000L\000a\000t\000c\000h\000W\000r\000i\000t\000e}{subsection.5.8.2}
\BOOKMARK [1][-]{section.5.9}{\376\377\000E\000y\000e\000B\000o\000t\000\137\000B\000B\000/\000i\000n\000c\000l\000u\000d\000e\000/\000l\000c\000d\000.\000h\000\040\000F\000i\000l\000e\000\040\000R\000e\000f\000e\000r\000e\000n\000c\000e}{chapter.5}
\BOOKMARK [2][-]{subsection.5.9.1}{\376\377\000D\000e\000t\000a\000i\000l\000e\000d\000\040\000D\000e\000s\000c\000r\000i\000p\000t\000i\000o\000n}{section.5.9}
\BOOKMARK [2][-]{subsection.5.9.2}{\376\377\000F\000u\000n\000c\000t\000i\000o\000n\000\040\000D\000o\000c\000u\000m\000e\000n\000t\000a\000t\000i\000o\000n}{section.5.9}
\BOOKMARK [3][-]{subsubsection.5.9.2.1}{\376\377\000g\000e\000t\000C\000o\000l\000o\000r}{subsection.5.9.2}
\BOOKMARK [3][-]{subsubsection.5.9.2.2}{\376\377\000I\000n\000v\000e\000r\000t\000C\000o\000l\000o\000r}{subsection.5.9.2}
\BOOKMARK [3][-]{subsubsection.5.9.2.3}{\376\377\000L\000C\000D\000A\000r\000e\000a}{subsection.5.9.2}
\BOOKMARK [3][-]{subsubsection.5.9.2.4}{\376\377\000L\000C\000D\000A\000r\000e\000a\000I\000n\000v\000e\000r\000t}{subsection.5.9.2}
\BOOKMARK [3][-]{subsubsection.5.9.2.5}{\376\377\000L\000C\000D\000C\000l\000e\000a\000r}{subsection.5.9.2}
\BOOKMARK [3][-]{subsubsection.5.9.2.6}{\376\377\000L\000C\000D\000F\000r\000a\000m\000e}{subsection.5.9.2}
\BOOKMARK [3][-]{subsubsection.5.9.2.7}{\376\377\000L\000C\000D\000G\000e\000t\000F\000B\000I\000n\000f\000o}{subsection.5.9.2}
\BOOKMARK [3][-]{subsubsection.5.9.2.8}{\376\377\000L\000C\000D\000G\000e\000t\000L\000i\000s\000t}{subsection.5.9.2}
\BOOKMARK [3][-]{subsubsection.5.9.2.9}{\376\377\000L\000C\000D\000G\000e\000t\000M\000o\000d\000e}{subsection.5.9.2}
\BOOKMARK [3][-]{subsubsection.5.9.2.10}{\376\377\000L\000C\000D\000G\000e\000t\000P\000i\000x\000e\000l}{subsection.5.9.2}
\BOOKMARK [3][-]{subsubsection.5.9.2.11}{\376\377\000L\000C\000D\000G\000e\000t\000P\000o\000s}{subsection.5.9.2}
\BOOKMARK [3][-]{subsubsection.5.9.2.12}{\376\377\000L\000C\000D\000I\000n\000i\000t}{subsection.5.9.2}
\BOOKMARK [3][-]{subsubsection.5.9.2.13}{\376\377\000L\000C\000D\000I\000n\000v\000e\000r\000t\000P\000i\000x\000e\000l}{subsection.5.9.2}
\BOOKMARK [3][-]{subsubsection.5.9.2.14}{\376\377\000L\000C\000D\000L\000i\000n\000e}{subsection.5.9.2}
\BOOKMARK [3][-]{subsubsection.5.9.2.15}{\376\377\000L\000C\000D\000L\000i\000n\000e\000I\000n\000v\000e\000r\000t}{subsection.5.9.2}
\BOOKMARK [3][-]{subsubsection.5.9.2.16}{\376\377\000L\000C\000D\000L\000i\000s\000t}{subsection.5.9.2}
\BOOKMARK [3][-]{subsubsection.5.9.2.17}{\376\377\000L\000C\000D\000L\000i\000s\000t\000A\000c\000t\000i\000v\000e\000I\000t\000e\000m}{subsection.5.9.2}
\BOOKMARK [3][-]{subsubsection.5.9.2.18}{\376\377\000L\000C\000D\000L\000i\000s\000t\000B\000o\000x}{subsection.5.9.2}
\BOOKMARK [3][-]{subsubsection.5.9.2.19}{\376\377\000L\000C\000D\000L\000i\000s\000t\000C\000o\000u\000n\000t}{subsection.5.9.2}
\BOOKMARK [3][-]{subsubsection.5.9.2.20}{\376\377\000L\000C\000D\000L\000i\000s\000t\000I\000n\000d\000e\000x}{subsection.5.9.2}
\BOOKMARK [3][-]{subsubsection.5.9.2.21}{\376\377\000L\000C\000D\000L\000i\000s\000t\000S\000c\000r\000o\000l\000l\000D\000o\000w\000n}{subsection.5.9.2}
\BOOKMARK [3][-]{subsubsection.5.9.2.22}{\376\377\000L\000C\000D\000L\000i\000s\000t\000S\000c\000r\000o\000l\000l\000U\000p}{subsection.5.9.2}
\BOOKMARK [3][-]{subsubsection.5.9.2.23}{\376\377\000L\000C\000D\000M\000e\000n\000u}{subsection.5.9.2}
\BOOKMARK [3][-]{subsubsection.5.9.2.24}{\376\377\000L\000C\000D\000M\000e\000n\000u\000I}{subsection.5.9.2}
\BOOKMARK [3][-]{subsubsection.5.9.2.25}{\376\377\000L\000C\000D\000M\000e\000n\000u\000I\000t\000e\000m}{subsection.5.9.2}
\BOOKMARK [3][-]{subsubsection.5.9.2.26}{\376\377\000L\000C\000D\000N\000e\000e\000d\000R\000e\000f\000r\000e\000s\000h}{subsection.5.9.2}
\BOOKMARK [3][-]{subsubsection.5.9.2.27}{\376\377\000L\000C\000D\000P\000r\000i\000n\000t\000f}{subsection.5.9.2}
\BOOKMARK [3][-]{subsubsection.5.9.2.28}{\376\377\000L\000C\000D\000P\000u\000t\000C\000h\000a\000r}{subsection.5.9.2}
\BOOKMARK [3][-]{subsubsection.5.9.2.29}{\376\377\000L\000C\000D\000P\000u\000t\000F\000l\000o\000a\000t}{subsection.5.9.2}
\BOOKMARK [3][-]{subsubsection.5.9.2.30}{\376\377\000L\000C\000D\000P\000u\000t\000F\000l\000o\000a\000t\000S}{subsection.5.9.2}
\BOOKMARK [3][-]{subsubsection.5.9.2.31}{\376\377\000L\000C\000D\000P\000u\000t\000H\000e\000x}{subsection.5.9.2}
\BOOKMARK [3][-]{subsubsection.5.9.2.32}{\376\377\000L\000C\000D\000P\000u\000t\000H\000e\000x\0001}{subsection.5.9.2}
\BOOKMARK [3][-]{subsubsection.5.9.2.33}{\376\377\000L\000C\000D\000P\000u\000t\000I\000m\000a\000g\000e\000R\000G\000B}{subsection.5.9.2}
\BOOKMARK [3][-]{subsubsection.5.9.2.34}{\376\377\000L\000C\000D\000P\000u\000t\000I\000n\000t}{subsection.5.9.2}
\BOOKMARK [3][-]{subsubsection.5.9.2.35}{\376\377\000L\000C\000D\000P\000u\000t\000I\000n\000t\000S}{subsection.5.9.2}
\BOOKMARK [3][-]{subsubsection.5.9.2.36}{\376\377\000L\000C\000D\000P\000u\000t\000S\000t\000r\000i\000n\000g}{subsection.5.9.2}
\BOOKMARK [3][-]{subsubsection.5.9.2.37}{\376\377\000L\000C\000D\000R\000e\000f\000r\000e\000s\000h}{subsection.5.9.2}
\BOOKMARK [3][-]{subsubsection.5.9.2.38}{\376\377\000L\000C\000D\000R\000e\000l\000e\000a\000s\000e}{subsection.5.9.2}
\BOOKMARK [3][-]{subsubsection.5.9.2.39}{\376\377\000L\000C\000D\000R\000e\000s\000e\000t\000M\000o\000d\000e}{subsection.5.9.2}
\BOOKMARK [3][-]{subsubsection.5.9.2.40}{\376\377\000L\000C\000D\000S\000e\000t\000C\000h\000a\000r}{subsection.5.9.2}
\BOOKMARK [3][-]{subsubsection.5.9.2.41}{\376\377\000L\000C\000D\000S\000e\000t\000L\000i\000s\000t}{subsection.5.9.2}
\BOOKMARK [3][-]{subsubsection.5.9.2.42}{\376\377\000L\000C\000D\000S\000e\000t\000M\000o\000d\000e}{subsection.5.9.2}
\BOOKMARK [3][-]{subsubsection.5.9.2.43}{\376\377\000L\000C\000D\000S\000e\000t\000P\000i\000x\000e\000l}{subsection.5.9.2}
\BOOKMARK [3][-]{subsubsection.5.9.2.44}{\376\377\000L\000C\000D\000S\000e\000t\000P\000o\000s}{subsection.5.9.2}
\BOOKMARK [3][-]{subsubsection.5.9.2.45}{\376\377\000L\000C\000D\000S\000e\000t\000P\000r\000i\000n\000t\000f}{subsection.5.9.2}
\BOOKMARK [3][-]{subsubsection.5.9.2.46}{\376\377\000L\000C\000D\000S\000e\000t\000S\000t\000r\000i\000n\000g}{subsection.5.9.2}
\BOOKMARK [3][-]{subsubsection.5.9.2.47}{\376\377\000L\000C\000D\000T\000e\000x\000t\000B\000a\000r}{subsection.5.9.2}
\BOOKMARK [3][-]{subsubsection.5.9.2.48}{\376\377\000L\000C\000D\000T\000e\000x\000t\000C\000o\000l\000o\000r}{subsection.5.9.2}
\BOOKMARK [1][-]{section.5.10}{\376\377\000E\000y\000e\000B\000o\000t\000\137\000B\000B\000/\000i\000n\000c\000l\000u\000d\000e\000/\000m\000i\000s\000c\000.\000h\000\040\000F\000i\000l\000e\000\040\000R\000e\000f\000e\000r\000e\000n\000c\000e}{chapter.5}
\BOOKMARK [2][-]{subsection.5.10.1}{\376\377\000D\000e\000t\000a\000i\000l\000e\000d\000\040\000D\000e\000s\000c\000r\000i\000p\000t\000i\000o\000n}{section.5.10}
\BOOKMARK [1][-]{section.5.11}{\376\377\000E\000y\000e\000B\000o\000t\000\137\000B\000B\000/\000i\000n\000c\000l\000u\000d\000e\000/\000m\000u\000l\000t\000i\000t\000a\000s\000k\000i\000n\000g\000.\000h\000\040\000F\000i\000l\000e\000\040\000R\000e\000f\000e\000r\000e\000n\000c\000e}{chapter.5}
\BOOKMARK [2][-]{subsection.5.11.1}{\376\377\000D\000e\000t\000a\000i\000l\000e\000d\000\040\000D\000e\000s\000c\000r\000i\000p\000t\000i\000o\000n}{section.5.11}
\BOOKMARK [1][-]{section.5.12}{\376\377\000E\000y\000e\000B\000o\000t\000\137\000B\000B\000/\000i\000n\000c\000l\000u\000d\000e\000/\000p\000a\000r\000a\000m\000s\000.\000h\000\040\000F\000i\000l\000e\000\040\000R\000e\000f\000e\000r\000e\000n\000c\000e}{chapter.5}
\BOOKMARK [2][-]{subsection.5.12.1}{\376\377\000D\000e\000t\000a\000i\000l\000e\000d\000\040\000D\000e\000s\000c\000r\000i\000p\000t\000i\000o\000n}{section.5.12}
\BOOKMARK [1][-]{section.5.13}{\376\377\000E\000y\000e\000B\000o\000t\000\137\000B\000B\000/\000i\000n\000c\000l\000u\000d\000e\000/\000p\000s\000d\000\137\000s\000e\000n\000s\000o\000r\000s\000.\000h\000\040\000F\000i\000l\000e\000\040\000R\000e\000f\000e\000r\000e\000n\000c\000e}{chapter.5}
\BOOKMARK [2][-]{subsection.5.13.1}{\376\377\000D\000e\000t\000a\000i\000l\000e\000d\000\040\000D\000e\000s\000c\000r\000i\000p\000t\000i\000o\000n}{section.5.13}
\BOOKMARK [2][-]{subsection.5.13.2}{\376\377\000F\000u\000n\000c\000t\000i\000o\000n\000\040\000D\000o\000c\000u\000m\000e\000n\000t\000a\000t\000i\000o\000n}{section.5.13}
\BOOKMARK [3][-]{subsubsection.5.13.2.1}{\376\377\000P\000S\000D\000G\000e\000t}{subsection.5.13.2}
\BOOKMARK [3][-]{subsubsection.5.13.2.2}{\376\377\000P\000S\000D\000G\000e\000t\000R\000a\000w}{subsection.5.13.2}
\BOOKMARK [3][-]{subsubsection.5.13.2.3}{\376\377\000P\000S\000D\000I\000n\000i\000t}{subsection.5.13.2}
\BOOKMARK [3][-]{subsubsection.5.13.2.4}{\376\377\000P\000S\000D\000R\000e\000l\000e\000a\000s\000e}{subsection.5.13.2}
\BOOKMARK [1][-]{section.5.14}{\376\377\000E\000y\000e\000B\000o\000t\000\137\000B\000B\000/\000i\000n\000c\000l\000u\000d\000e\000/\000s\000e\000r\000v\000o\000s\000\137\000a\000n\000d\000\137\000m\000o\000t\000o\000r\000s\000.\000h\000\040\000F\000i\000l\000e\000\040\000R\000e\000f\000e\000r\000e\000n\000c\000e}{chapter.5}
\BOOKMARK [2][-]{subsection.5.14.1}{\376\377\000D\000e\000t\000a\000i\000l\000e\000d\000\040\000D\000e\000s\000c\000r\000i\000p\000t\000i\000o\000n}{section.5.14}
\BOOKMARK [2][-]{subsection.5.14.2}{\376\377\000F\000u\000n\000c\000t\000i\000o\000n\000\040\000D\000o\000c\000u\000m\000e\000n\000t\000a\000t\000i\000o\000n}{section.5.14}
\BOOKMARK [3][-]{subsubsection.5.14.2.1}{\376\377\000M\000O\000T\000O\000R\000D\000r\000i\000v\000e}{subsection.5.14.2}
\BOOKMARK [3][-]{subsubsection.5.14.2.2}{\376\377\000M\000O\000T\000O\000R\000I\000n\000i\000t}{subsection.5.14.2}
\BOOKMARK [3][-]{subsubsection.5.14.2.3}{\376\377\000M\000O\000T\000O\000R\000R\000e\000l\000e\000a\000s\000e}{subsection.5.14.2}
\BOOKMARK [3][-]{subsubsection.5.14.2.4}{\376\377\000Q\000U\000A\000D\000R\000e\000a\000d}{subsection.5.14.2}
\BOOKMARK [3][-]{subsubsection.5.14.2.5}{\376\377\000Q\000U\000A\000D\000R\000e\000l\000e\000a\000s\000e}{subsection.5.14.2}
\BOOKMARK [3][-]{subsubsection.5.14.2.6}{\376\377\000Q\000U\000A\000D\000R\000e\000s\000e\000t}{subsection.5.14.2}
\BOOKMARK [3][-]{subsubsection.5.14.2.7}{\376\377\000S\000E\000R\000V\000O\000I\000n\000i\000t}{subsection.5.14.2}
\BOOKMARK [3][-]{subsubsection.5.14.2.8}{\376\377\000S\000E\000R\000V\000O\000R\000e\000l\000e\000a\000s\000e}{subsection.5.14.2}
\BOOKMARK [3][-]{subsubsection.5.14.2.9}{\376\377\000S\000E\000R\000V\000O\000S\000e\000t}{subsection.5.14.2}
\BOOKMARK [1][-]{section.5.15}{\376\377\000E\000y\000e\000B\000o\000t\000\137\000B\000B\000/\000i\000n\000c\000l\000u\000d\000e\000/\000s\000p\000i\000.\000h\000\040\000F\000i\000l\000e\000\040\000R\000e\000f\000e\000r\000e\000n\000c\000e}{chapter.5}
\BOOKMARK [2][-]{subsection.5.15.1}{\376\377\000D\000e\000t\000a\000i\000l\000e\000d\000\040\000D\000e\000s\000c\000r\000i\000p\000t\000i\000o\000n}{section.5.15}
\BOOKMARK [2][-]{subsection.5.15.2}{\376\377\000F\000u\000n\000c\000t\000i\000o\000n\000\040\000D\000o\000c\000u\000m\000e\000n\000t\000a\000t\000i\000o\000n}{section.5.15}
\BOOKMARK [3][-]{subsubsection.5.15.2.1}{\376\377\000S\000P\000I\000I\000n\000i\000t}{subsection.5.15.2}
\BOOKMARK [3][-]{subsubsection.5.15.2.2}{\376\377\000S\000P\000I\000R\000e\000a\000d}{subsection.5.15.2}
\BOOKMARK [3][-]{subsubsection.5.15.2.3}{\376\377\000S\000P\000I\000R\000e\000a\000d\000D\000e\000f\000a\000u\000l\000t}{subsection.5.15.2}
\BOOKMARK [3][-]{subsubsection.5.15.2.4}{\376\377\000S\000P\000I\000R\000e\000l\000e\000a\000s\000e}{subsection.5.15.2}
\BOOKMARK [3][-]{subsubsection.5.15.2.5}{\376\377\000S\000P\000I\000S\000e\000n\000d}{subsection.5.15.2}
\BOOKMARK [3][-]{subsubsection.5.15.2.6}{\376\377\000S\000P\000I\000S\000e\000n\000d\000D\000e\000f\000a\000u\000l\000t}{subsection.5.15.2}
\BOOKMARK [1][-]{section.5.16}{\376\377\000E\000y\000e\000B\000o\000t\000\137\000B\000B\000/\000i\000n\000c\000l\000u\000d\000e\000/\000s\000p\000i\000\137\000c\000o\000m\000m\000a\000n\000d\000s\000.\000h\000\040\000F\000i\000l\000e\000\040\000R\000e\000f\000e\000r\000e\000n\000c\000e}{chapter.5}
\BOOKMARK [2][-]{subsection.5.16.1}{\376\377\000D\000e\000t\000a\000i\000l\000e\000d\000\040\000D\000e\000s\000c\000r\000i\000p\000t\000i\000o\000n}{section.5.16}
\BOOKMARK [1][-]{section.5.17}{\376\377\000E\000y\000e\000B\000o\000t\000\137\000B\000B\000/\000i\000n\000c\000l\000u\000d\000e\000/\000s\000y\000s\000t\000e\000m\000.\000h\000\040\000F\000i\000l\000e\000\040\000R\000e\000f\000e\000r\000e\000n\000c\000e}{chapter.5}
\BOOKMARK [2][-]{subsection.5.17.1}{\376\377\000D\000e\000t\000a\000i\000l\000e\000d\000\040\000D\000e\000s\000c\000r\000i\000p\000t\000i\000o\000n}{section.5.17}
\BOOKMARK [2][-]{subsection.5.17.2}{\376\377\000F\000u\000n\000c\000t\000i\000o\000n\000\040\000D\000o\000c\000u\000m\000e\000n\000t\000a\000t\000i\000o\000n}{section.5.17}
\BOOKMARK [3][-]{subsubsection.5.17.2.1}{\376\377\000O\000S\000E\000r\000r\000o\000r}{subsection.5.17.2}
\BOOKMARK [3][-]{subsubsection.5.17.2.2}{\376\377\000O\000S\000I\000n\000f\000o\000C\000P\000U}{subsection.5.17.2}
\BOOKMARK [3][-]{subsubsection.5.17.2.3}{\376\377\000O\000S\000I\000n\000f\000o\000M\000e\000m}{subsection.5.17.2}
\BOOKMARK [3][-]{subsubsection.5.17.2.4}{\376\377\000O\000S\000I\000n\000f\000o\000M\000i\000s\000c}{subsection.5.17.2}
\BOOKMARK [3][-]{subsubsection.5.17.2.5}{\376\377\000O\000S\000I\000n\000f\000o\000P\000r\000o\000c}{subsection.5.17.2}
\BOOKMARK [3][-]{subsubsection.5.17.2.6}{\376\377\000O\000S\000M\000a\000c\000h\000i\000n\000e\000I\000D}{subsection.5.17.2}
\BOOKMARK [3][-]{subsubsection.5.17.2.7}{\376\377\000O\000S\000M\000a\000c\000h\000i\000n\000e\000N\000a\000m\000e}{subsection.5.17.2}
\BOOKMARK [3][-]{subsubsection.5.17.2.8}{\376\377\000O\000S\000M\000a\000c\000h\000i\000n\000e\000S\000p\000e\000e\000d}{subsection.5.17.2}
\BOOKMARK [3][-]{subsubsection.5.17.2.9}{\376\377\000O\000S\000M\000a\000c\000h\000i\000n\000e\000T\000y\000p\000e}{subsection.5.17.2}
\BOOKMARK [3][-]{subsubsection.5.17.2.10}{\376\377\000O\000S\000V\000e\000r\000s\000i\000o\000n}{subsection.5.17.2}
\BOOKMARK [1][-]{section.5.18}{\376\377\000E\000y\000e\000B\000o\000t\000\137\000B\000B\000/\000i\000n\000c\000l\000u\000d\000e\000/\000t\000i\000m\000e\000r\000.\000h\000\040\000F\000i\000l\000e\000\040\000R\000e\000f\000e\000r\000e\000n\000c\000e}{chapter.5}
\BOOKMARK [2][-]{subsection.5.18.1}{\376\377\000D\000e\000t\000a\000i\000l\000e\000d\000\040\000D\000e\000s\000c\000r\000i\000p\000t\000i\000o\000n}{section.5.18}
\BOOKMARK [2][-]{subsection.5.18.2}{\376\377\000F\000u\000n\000c\000t\000i\000o\000n\000\040\000D\000o\000c\000u\000m\000e\000n\000t\000a\000t\000i\000o\000n}{section.5.18}
\BOOKMARK [3][-]{subsubsection.5.18.2.1}{\376\377\000O\000S\000W\000a\000i\000t}{subsection.5.18.2}
\BOOKMARK [1][-]{section.5.19}{\376\377\000E\000y\000e\000B\000o\000t\000\137\000B\000B\000/\000i\000n\000c\000l\000u\000d\000e\000/\000t\000y\000p\000e\000s\000.\000h\000\040\000F\000i\000l\000e\000\040\000R\000e\000f\000e\000r\000e\000n\000c\000e}{chapter.5}
\BOOKMARK [2][-]{subsection.5.19.1}{\376\377\000D\000e\000t\000a\000i\000l\000e\000d\000\040\000D\000e\000s\000c\000r\000i\000p\000t\000i\000o\000n}{section.5.19}
\BOOKMARK [1][-]{section.5.20}{\376\377\000E\000y\000e\000B\000o\000t\000\137\000B\000B\000/\000i\000n\000c\000l\000u\000d\000e\000/\000v\000o\000m\000e\000g\000a\000.\000h\000\040\000F\000i\000l\000e\000\040\000R\000e\000f\000e\000r\000e\000n\000c\000e}{chapter.5}
\BOOKMARK [2][-]{subsection.5.20.1}{\376\377\000D\000e\000t\000a\000i\000l\000e\000d\000\040\000D\000e\000s\000c\000r\000i\000p\000t\000i\000o\000n}{section.5.20}
\BOOKMARK [2][-]{subsection.5.20.2}{\376\377\000F\000u\000n\000c\000t\000i\000o\000n\000\040\000D\000o\000c\000u\000m\000e\000n\000t\000a\000t\000i\000o\000n}{section.5.20}
\BOOKMARK [3][-]{subsubsection.5.20.2.1}{\376\377\000V\000W\000D\000r\000i\000v\000e\000S\000t\000r\000a\000i\000g\000h\000t}{subsection.5.20.2}
\BOOKMARK [3][-]{subsubsection.5.20.2.2}{\376\377\000V\000W\000D\000r\000i\000v\000e\000T\000u\000r\000n}{subsection.5.20.2}
\BOOKMARK [3][-]{subsubsection.5.20.2.3}{\376\377\000V\000W\000D\000r\000i\000v\000e\000W\000a\000i\000t}{subsection.5.20.2}
\BOOKMARK [3][-]{subsubsection.5.20.2.4}{\376\377\000V\000W\000I\000n\000i\000t}{subsection.5.20.2}
\BOOKMARK [1][-]{section.5.21}{\376\377\000E\000y\000e\000B\000o\000t\000\137\000B\000B\000/\000s\000r\000c\000/\000a\000d\000c\000.\000c\000\040\000F\000i\000l\000e\000\040\000R\000e\000f\000e\000r\000e\000n\000c\000e}{chapter.5}
\BOOKMARK [2][-]{subsection.5.21.1}{\376\377\000D\000e\000t\000a\000i\000l\000e\000d\000\040\000D\000e\000s\000c\000r\000i\000p\000t\000i\000o\000n}{section.5.21}
\BOOKMARK [2][-]{subsection.5.21.2}{\376\377\000F\000u\000n\000c\000t\000i\000o\000n\000\040\000D\000o\000c\000u\000m\000e\000n\000t\000a\000t\000i\000o\000n}{section.5.21}
\BOOKMARK [3][-]{subsubsection.5.21.2.1}{\376\377\000C\000o\000n\000v\000A\000D\000C\000S\000a\000m\000p\000l\000e\000T\000o\000V\000o\000l\000t\000a\000g\000e}{subsection.5.21.2}
\BOOKMARK [3][-]{subsubsection.5.21.2.2}{\376\377\000O\000S\000A\000D\000C\000R\000e\000l\000e\000a\000s\000e}{subsection.5.21.2}
\BOOKMARK [3][-]{subsubsection.5.21.2.3}{\376\377\000O\000S\000G\000e\000t\000A\000D\000C}{subsection.5.21.2}
\BOOKMARK [3][-]{subsubsection.5.21.2.4}{\376\377\000O\000S\000I\000n\000i\000t\000A\000D\000C}{subsection.5.21.2}
\BOOKMARK [1][-]{section.5.22}{\376\377\000E\000y\000e\000B\000o\000t\000\137\000B\000B\000/\000s\000r\000c\000/\000c\000a\000m\000e\000r\000a\000.\000c\000\040\000F\000i\000l\000e\000\040\000R\000e\000f\000e\000r\000e\000n\000c\000e}{chapter.5}
\BOOKMARK [2][-]{subsection.5.22.1}{\376\377\000D\000e\000t\000a\000i\000l\000e\000d\000\040\000D\000e\000s\000c\000r\000i\000p\000t\000i\000o\000n}{section.5.22}
\BOOKMARK [2][-]{subsection.5.22.2}{\376\377\000F\000u\000n\000c\000t\000i\000o\000n\000\040\000D\000o\000c\000u\000m\000e\000n\000t\000a\000t\000i\000o\000n}{section.5.22}
\BOOKMARK [3][-]{subsubsection.5.22.2.1}{\376\377\000C\000A\000M\000G\000e\000t\000F\000r\000a\000m\000e\000R\000G\000B}{subsection.5.22.2}
\BOOKMARK [3][-]{subsubsection.5.22.2.2}{\376\377\000C\000A\000M\000I\000n\000i\000t}{subsection.5.22.2}
\BOOKMARK [1][-]{section.5.23}{\376\377\000E\000y\000e\000B\000o\000t\000\137\000B\000B\000/\000s\000r\000c\000/\000g\000l\000o\000b\000a\000l\000s\000.\000c\000\040\000F\000i\000l\000e\000\040\000R\000e\000f\000e\000r\000e\000n\000c\000e}{chapter.5}
\BOOKMARK [2][-]{subsection.5.23.1}{\376\377\000D\000e\000t\000a\000i\000l\000e\000d\000\040\000D\000e\000s\000c\000r\000i\000p\000t\000i\000o\000n}{section.5.23}
\BOOKMARK [1][-]{section.5.24}{\376\377\000E\000y\000e\000B\000o\000t\000\137\000B\000B\000/\000s\000r\000c\000/\000h\000d\000t\000.\000c\000\040\000F\000i\000l\000e\000\040\000R\000e\000f\000e\000r\000e\000n\000c\000e}{chapter.5}
\BOOKMARK [2][-]{subsection.5.24.1}{\376\377\000D\000e\000t\000a\000i\000l\000e\000d\000\040\000D\000e\000s\000c\000r\000i\000p\000t\000i\000o\000n}{section.5.24}
\BOOKMARK [2][-]{subsection.5.24.2}{\376\377\000F\000u\000n\000c\000t\000i\000o\000n\000\040\000D\000o\000c\000u\000m\000e\000n\000t\000a\000t\000i\000o\000n}{section.5.24}
\BOOKMARK [3][-]{subsubsection.5.24.2.1}{\376\377\000g\000e\000t\000l\000i\000n\000e}{subsection.5.24.2}
\BOOKMARK [3][-]{subsubsection.5.24.2.2}{\376\377\000H\000D\000T\000C\000l\000e\000a\000r\000A\000D\000C}{subsection.5.24.2}
\BOOKMARK [3][-]{subsubsection.5.24.2.3}{\376\377\000H\000D\000T\000C\000l\000e\000a\000r\000C\000A\000M}{subsection.5.24.2}
\BOOKMARK [3][-]{subsubsection.5.24.2.4}{\376\377\000H\000D\000T\000C\000l\000e\000a\000r\000C\000O\000M}{subsection.5.24.2}
\BOOKMARK [3][-]{subsubsection.5.24.2.5}{\376\377\000H\000D\000T\000C\000l\000e\000a\000r\000D\000R\000I\000V\000E}{subsection.5.24.2}
\BOOKMARK [3][-]{subsubsection.5.24.2.6}{\376\377\000H\000D\000T\000C\000l\000e\000a\000r\000E\000N\000C\000O\000D\000E\000R}{subsection.5.24.2}
\BOOKMARK [3][-]{subsubsection.5.24.2.7}{\376\377\000H\000D\000T\000C\000l\000e\000a\000r\000I\000R\000T\000V}{subsection.5.24.2}
\BOOKMARK [3][-]{subsubsection.5.24.2.8}{\376\377\000H\000D\000T\000C\000l\000e\000a\000r\000M\000O\000T\000O\000R}{subsection.5.24.2}
\BOOKMARK [3][-]{subsubsection.5.24.2.9}{\376\377\000H\000D\000T\000C\000l\000e\000a\000r\000P\000S\000D}{subsection.5.24.2}
\BOOKMARK [3][-]{subsubsection.5.24.2.10}{\376\377\000H\000D\000T\000C\000l\000e\000a\000r\000S\000E\000R\000V\000O}{subsection.5.24.2}
\BOOKMARK [3][-]{subsubsection.5.24.2.11}{\376\377\000H\000D\000T\000C\000l\000e\000a\000r\000T\000a\000b\000l\000e}{subsection.5.24.2}
\BOOKMARK [3][-]{subsubsection.5.24.2.12}{\376\377\000H\000D\000T\000F\000i\000n\000d\000E\000n\000t\000r\000y}{subsection.5.24.2}
\BOOKMARK [3][-]{subsubsection.5.24.2.13}{\376\377\000H\000D\000T\000F\000i\000n\000d\000T\000a\000b\000l\000e}{subsection.5.24.2}
\BOOKMARK [3][-]{subsubsection.5.24.2.14}{\376\377\000H\000D\000T\000L\000i\000n\000k\000D\000R\000V\0002\000E\000N\000C}{subsection.5.24.2}
\BOOKMARK [3][-]{subsubsection.5.24.2.15}{\376\377\000H\000D\000T\000L\000i\000n\000k\000E\000N\000C\0002\000M\000O\000T}{subsection.5.24.2}
\BOOKMARK [3][-]{subsubsection.5.24.2.16}{\376\377\000H\000D\000T\000L\000i\000s\000t\000E\000n\000t\000r\000y}{subsection.5.24.2}
\BOOKMARK [3][-]{subsubsection.5.24.2.17}{\376\377\000H\000D\000T\000L\000o\000a\000d\000A\000D\000C}{subsection.5.24.2}
\BOOKMARK [3][-]{subsubsection.5.24.2.18}{\376\377\000H\000D\000T\000L\000o\000a\000d\000C\000A\000M}{subsection.5.24.2}
\BOOKMARK [3][-]{subsubsection.5.24.2.19}{\376\377\000H\000D\000T\000L\000o\000a\000d\000C\000O\000M}{subsection.5.24.2}
\BOOKMARK [3][-]{subsubsection.5.24.2.20}{\376\377\000H\000D\000T\000L\000o\000a\000d\000D\000R\000I\000V\000E}{subsection.5.24.2}
\BOOKMARK [3][-]{subsubsection.5.24.2.21}{\376\377\000H\000D\000T\000L\000o\000a\000d\000E\000N\000C\000O\000D\000E\000R}{subsection.5.24.2}
\BOOKMARK [3][-]{subsubsection.5.24.2.22}{\376\377\000H\000D\000T\000L\000o\000a\000d\000I\000R\000T\000V}{subsection.5.24.2}
\BOOKMARK [3][-]{subsubsection.5.24.2.23}{\376\377\000H\000D\000T\000L\000o\000a\000d\000M\000O\000T\000O\000R}{subsection.5.24.2}
\BOOKMARK [3][-]{subsubsection.5.24.2.24}{\376\377\000H\000D\000T\000L\000o\000a\000d\000P\000S\000D}{subsection.5.24.2}
\BOOKMARK [3][-]{subsubsection.5.24.2.25}{\376\377\000H\000D\000T\000L\000o\000a\000d\000S\000E\000R\000V\000O}{subsection.5.24.2}
\BOOKMARK [3][-]{subsubsection.5.24.2.26}{\376\377\000H\000D\000T\000L\000o\000a\000d\000T\000a\000b\000l\000e}{subsection.5.24.2}
\BOOKMARK [3][-]{subsubsection.5.24.2.27}{\376\377\000H\000D\000T\000V\000a\000l\000i\000d\000a\000t\000e}{subsection.5.24.2}
\BOOKMARK [1][-]{section.5.25}{\376\377\000E\000y\000e\000B\000o\000t\000\137\000B\000B\000/\000s\000r\000c\000/\000i\000r\000t\000v\000.\000c\000\040\000F\000i\000l\000e\000\040\000R\000e\000f\000e\000r\000e\000n\000c\000e}{chapter.5}
\BOOKMARK [2][-]{subsection.5.25.1}{\376\377\000D\000e\000t\000a\000i\000l\000e\000d\000\040\000D\000e\000s\000c\000r\000i\000p\000t\000i\000o\000n}{section.5.25}
\BOOKMARK [2][-]{subsection.5.25.2}{\376\377\000F\000u\000n\000c\000t\000i\000o\000n\000\040\000D\000o\000c\000u\000m\000e\000n\000t\000a\000t\000i\000o\000n}{section.5.25}
\BOOKMARK [3][-]{subsubsection.5.25.2.1}{\376\377\000I\000R\000T\000V\000I\000n\000i\000t}{subsection.5.25.2}
\BOOKMARK [3][-]{subsubsection.5.25.2.2}{\376\377\000I\000R\000T\000V\000R\000e\000a\000d}{subsection.5.25.2}
\BOOKMARK [1][-]{section.5.26}{\376\377\000E\000y\000e\000B\000o\000t\000\137\000B\000B\000/\000s\000r\000c\000/\000k\000e\000y\000.\000c\000\040\000F\000i\000l\000e\000\040\000R\000e\000f\000e\000r\000e\000n\000c\000e}{chapter.5}
\BOOKMARK [2][-]{subsection.5.26.1}{\376\377\000D\000e\000t\000a\000i\000l\000e\000d\000\040\000D\000e\000s\000c\000r\000i\000p\000t\000i\000o\000n}{section.5.26}
\BOOKMARK [2][-]{subsection.5.26.2}{\376\377\000F\000u\000n\000c\000t\000i\000o\000n\000\040\000D\000o\000c\000u\000m\000e\000n\000t\000a\000t\000i\000o\000n}{section.5.26}
\BOOKMARK [3][-]{subsubsection.5.26.2.1}{\376\377\000i\000n\000s\000i\000d\000e}{subsection.5.26.2}
\BOOKMARK [3][-]{subsubsection.5.26.2.2}{\376\377\000K\000E\000Y\000D\000e\000c\000o\000d\000e}{subsection.5.26.2}
\BOOKMARK [3][-]{subsubsection.5.26.2.3}{\376\377\000K\000E\000Y\000G\000e\000t}{subsection.5.26.2}
\BOOKMARK [3][-]{subsubsection.5.26.2.4}{\376\377\000K\000E\000Y\000G\000e\000t\000R\000A\000W}{subsection.5.26.2}
\BOOKMARK [3][-]{subsubsection.5.26.2.5}{\376\377\000K\000E\000Y\000G\000e\000t\000R\000e\000g\000i\000o\000n}{subsection.5.26.2}
\BOOKMARK [3][-]{subsubsection.5.26.2.6}{\376\377\000K\000E\000Y\000G\000e\000t\000T\000M}{subsection.5.26.2}
\BOOKMARK [3][-]{subsubsection.5.26.2.7}{\376\377\000K\000E\000Y\000G\000e\000t\000X\000Y}{subsection.5.26.2}
\BOOKMARK [3][-]{subsubsection.5.26.2.8}{\376\377\000K\000E\000Y\000I\000d\000l\000e}{subsection.5.26.2}
\BOOKMARK [3][-]{subsubsection.5.26.2.9}{\376\377\000K\000E\000Y\000I\000n\000i\000t}{subsection.5.26.2}
\BOOKMARK [3][-]{subsubsection.5.26.2.10}{\376\377\000K\000E\000Y\000N\000o\000T\000o\000u\000c\000h}{subsection.5.26.2}
\BOOKMARK [3][-]{subsubsection.5.26.2.11}{\376\377\000K\000E\000Y\000R\000e\000a\000d}{subsection.5.26.2}
\BOOKMARK [3][-]{subsubsection.5.26.2.12}{\376\377\000K\000E\000Y\000R\000e\000l\000e\000a\000s\000e}{subsection.5.26.2}
\BOOKMARK [3][-]{subsubsection.5.26.2.13}{\376\377\000K\000E\000Y\000S\000e\000t\000R\000e\000g\000i\000o\000n}{subsection.5.26.2}
\BOOKMARK [3][-]{subsubsection.5.26.2.14}{\376\377\000K\000E\000Y\000S\000e\000t\000T\000M}{subsection.5.26.2}
\BOOKMARK [3][-]{subsubsection.5.26.2.15}{\376\377\000K\000E\000Y\000W\000a\000i\000t}{subsection.5.26.2}
\BOOKMARK [1][-]{section.5.27}{\376\377\000E\000y\000e\000B\000o\000t\000\137\000B\000B\000/\000s\000r\000c\000/\000l\000a\000t\000c\000h\000e\000s\000.\000c\000\040\000F\000i\000l\000e\000\040\000R\000e\000f\000e\000r\000e\000n\000c\000e}{chapter.5}
\BOOKMARK [2][-]{subsection.5.27.1}{\376\377\000D\000e\000t\000a\000i\000l\000e\000d\000\040\000D\000e\000s\000c\000r\000i\000p\000t\000i\000o\000n}{section.5.27}
\BOOKMARK [2][-]{subsection.5.27.2}{\376\377\000F\000u\000n\000c\000t\000i\000o\000n\000\040\000D\000o\000c\000u\000m\000e\000n\000t\000a\000t\000i\000o\000n}{section.5.27}
\BOOKMARK [3][-]{subsubsection.5.27.2.1}{\376\377\000O\000S\000L\000a\000t\000c\000h\000B\000a\000n\000k\000S\000e\000t\000u\000p}{subsection.5.27.2}
\BOOKMARK [3][-]{subsubsection.5.27.2.2}{\376\377\000O\000S\000L\000a\000t\000c\000h\000C\000l\000e\000a\000n\000u\000p}{subsection.5.27.2}
\BOOKMARK [3][-]{subsubsection.5.27.2.3}{\376\377\000O\000S\000L\000a\000t\000c\000h\000I\000n\000i\000t}{subsection.5.27.2}
\BOOKMARK [3][-]{subsubsection.5.27.2.4}{\376\377\000O\000S\000L\000a\000t\000c\000h\000R\000e\000a\000d}{subsection.5.27.2}
\BOOKMARK [3][-]{subsubsection.5.27.2.5}{\376\377\000O\000S\000L\000a\000t\000c\000h\000S\000e\000t\000u\000p}{subsection.5.27.2}
\BOOKMARK [3][-]{subsubsection.5.27.2.6}{\376\377\000O\000S\000L\000a\000t\000c\000h\000W\000r\000i\000t\000e}{subsection.5.27.2}
\BOOKMARK [1][-]{section.5.28}{\376\377\000E\000y\000e\000B\000o\000t\000\137\000B\000B\000/\000s\000r\000c\000/\000l\000c\000d\000.\000c\000\040\000F\000i\000l\000e\000\040\000R\000e\000f\000e\000r\000e\000n\000c\000e}{chapter.5}
\BOOKMARK [2][-]{subsection.5.28.1}{\376\377\000D\000e\000t\000a\000i\000l\000e\000d\000\040\000D\000e\000s\000c\000r\000i\000p\000t\000i\000o\000n}{section.5.28}
\BOOKMARK [2][-]{subsection.5.28.2}{\376\377\000F\000u\000n\000c\000t\000i\000o\000n\000\040\000D\000o\000c\000u\000m\000e\000n\000t\000a\000t\000i\000o\000n}{section.5.28}
\BOOKMARK [3][-]{subsubsection.5.28.2.1}{\376\377\000g\000e\000t\000C\000o\000l\000o\000r}{subsection.5.28.2}
\BOOKMARK [3][-]{subsubsection.5.28.2.2}{\376\377\000I\000n\000v\000e\000r\000t\000C\000o\000l\000o\000r}{subsection.5.28.2}
\BOOKMARK [3][-]{subsubsection.5.28.2.3}{\376\377\000L\000C\000D\000A\000r\000e\000a}{subsection.5.28.2}
\BOOKMARK [3][-]{subsubsection.5.28.2.4}{\376\377\000L\000C\000D\000A\000r\000e\000a\000I\000n\000v\000e\000r\000t}{subsection.5.28.2}
\BOOKMARK [3][-]{subsubsection.5.28.2.5}{\376\377\000L\000C\000D\000C\000l\000e\000a\000r}{subsection.5.28.2}
\BOOKMARK [3][-]{subsubsection.5.28.2.6}{\376\377\000L\000C\000D\000D\000r\000a\000w\000F\000r\000a\000m\000e}{subsection.5.28.2}
\BOOKMARK [3][-]{subsubsection.5.28.2.7}{\376\377\000L\000C\000D\000D\000r\000a\000w\000L\000i\000s\000t}{subsection.5.28.2}
\BOOKMARK [3][-]{subsubsection.5.28.2.8}{\376\377\000L\000C\000D\000D\000r\000a\000w\000M\000e\000n\000u}{subsection.5.28.2}
\BOOKMARK [3][-]{subsubsection.5.28.2.9}{\376\377\000L\000C\000D\000F\000r\000a\000m\000e}{subsection.5.28.2}
\BOOKMARK [3][-]{subsubsection.5.28.2.10}{\376\377\000L\000C\000D\000G\000e\000t\000F\000B\000I\000n\000f\000o}{subsection.5.28.2}
\BOOKMARK [3][-]{subsubsection.5.28.2.11}{\376\377\000L\000C\000D\000G\000e\000t\000L\000i\000s\000t}{subsection.5.28.2}
\BOOKMARK [3][-]{subsubsection.5.28.2.12}{\376\377\000L\000C\000D\000G\000e\000t\000M\000o\000d\000e}{subsection.5.28.2}
\BOOKMARK [3][-]{subsubsection.5.28.2.13}{\376\377\000L\000C\000D\000G\000e\000t\000P\000i\000x\000e\000l}{subsection.5.28.2}
\BOOKMARK [3][-]{subsubsection.5.28.2.14}{\376\377\000L\000C\000D\000G\000e\000t\000P\000o\000s}{subsection.5.28.2}
\BOOKMARK [3][-]{subsubsection.5.28.2.15}{\376\377\000L\000C\000D\000I\000n\000i\000t}{subsection.5.28.2}
\BOOKMARK [3][-]{subsubsection.5.28.2.16}{\376\377\000L\000C\000D\000I\000n\000v\000e\000r\000t\000P\000i\000x\000e\000l}{subsection.5.28.2}
\BOOKMARK [3][-]{subsubsection.5.28.2.17}{\376\377\000L\000C\000D\000L\000i\000n\000e}{subsection.5.28.2}
\BOOKMARK [3][-]{subsubsection.5.28.2.18}{\376\377\000L\000C\000D\000L\000i\000n\000e\000I\000n\000v\000e\000r\000t}{subsection.5.28.2}
\BOOKMARK [3][-]{subsubsection.5.28.2.19}{\376\377\000L\000C\000D\000L\000i\000s\000t}{subsection.5.28.2}
\BOOKMARK [3][-]{subsubsection.5.28.2.20}{\376\377\000L\000C\000D\000L\000i\000s\000t\000A\000c\000t\000i\000v\000e\000I\000t\000e\000m}{subsection.5.28.2}
\BOOKMARK [3][-]{subsubsection.5.28.2.21}{\376\377\000L\000C\000D\000L\000i\000s\000t\000B\000o\000x}{subsection.5.28.2}
\BOOKMARK [3][-]{subsubsection.5.28.2.22}{\376\377\000L\000C\000D\000L\000i\000s\000t\000C\000o\000u\000n\000t}{subsection.5.28.2}
\BOOKMARK [3][-]{subsubsection.5.28.2.23}{\376\377\000L\000C\000D\000L\000i\000s\000t\000I\000n\000d\000e\000x}{subsection.5.28.2}
\BOOKMARK [3][-]{subsubsection.5.28.2.24}{\376\377\000L\000C\000D\000L\000i\000s\000t\000S\000c\000r\000o\000l\000l\000D\000o\000w\000n}{subsection.5.28.2}
\BOOKMARK [3][-]{subsubsection.5.28.2.25}{\376\377\000L\000C\000D\000L\000i\000s\000t\000S\000c\000r\000o\000l\000l\000U\000p}{subsection.5.28.2}
\BOOKMARK [3][-]{subsubsection.5.28.2.26}{\376\377\000L\000C\000D\000M\000e\000n\000u}{subsection.5.28.2}
\BOOKMARK [3][-]{subsubsection.5.28.2.27}{\376\377\000L\000C\000D\000M\000e\000n\000u\000I}{subsection.5.28.2}
\BOOKMARK [3][-]{subsubsection.5.28.2.28}{\376\377\000L\000C\000D\000M\000e\000n\000u\000I\000t\000e\000m}{subsection.5.28.2}
\BOOKMARK [3][-]{subsubsection.5.28.2.29}{\376\377\000L\000C\000D\000N\000e\000e\000d\000R\000e\000f\000r\000e\000s\000h}{subsection.5.28.2}
\BOOKMARK [3][-]{subsubsection.5.28.2.30}{\376\377\000L\000C\000D\000P\000r\000i\000n\000t\000f}{subsection.5.28.2}
\BOOKMARK [3][-]{subsubsection.5.28.2.31}{\376\377\000L\000C\000D\000P\000u\000t\000C\000h\000a\000r}{subsection.5.28.2}
\BOOKMARK [3][-]{subsubsection.5.28.2.32}{\376\377\000L\000C\000D\000P\000u\000t\000F\000l\000o\000a\000t}{subsection.5.28.2}
\BOOKMARK [3][-]{subsubsection.5.28.2.33}{\376\377\000L\000C\000D\000P\000u\000t\000F\000l\000o\000a\000t\000S}{subsection.5.28.2}
\BOOKMARK [3][-]{subsubsection.5.28.2.34}{\376\377\000L\000C\000D\000P\000u\000t\000H\000e\000x}{subsection.5.28.2}
\BOOKMARK [3][-]{subsubsection.5.28.2.35}{\376\377\000L\000C\000D\000P\000u\000t\000H\000e\000x\0001}{subsection.5.28.2}
\BOOKMARK [3][-]{subsubsection.5.28.2.36}{\376\377\000L\000C\000D\000P\000u\000t\000I\000m\000a\000g\000e\000R\000G\000B}{subsection.5.28.2}
\BOOKMARK [3][-]{subsubsection.5.28.2.37}{\376\377\000L\000C\000D\000P\000u\000t\000I\000n\000t}{subsection.5.28.2}
\BOOKMARK [3][-]{subsubsection.5.28.2.38}{\376\377\000L\000C\000D\000P\000u\000t\000I\000n\000t\000S}{subsection.5.28.2}
\BOOKMARK [3][-]{subsubsection.5.28.2.39}{\376\377\000L\000C\000D\000P\000u\000t\000S\000t\000r\000i\000n\000g}{subsection.5.28.2}
\BOOKMARK [3][-]{subsubsection.5.28.2.40}{\376\377\000L\000C\000D\000R\000e\000f\000r\000e\000s\000h}{subsection.5.28.2}
\BOOKMARK [3][-]{subsubsection.5.28.2.41}{\376\377\000L\000C\000D\000R\000e\000l\000e\000a\000s\000e}{subsection.5.28.2}
\BOOKMARK [3][-]{subsubsection.5.28.2.42}{\376\377\000L\000C\000D\000R\000e\000s\000e\000t\000M\000o\000d\000e}{subsection.5.28.2}
\BOOKMARK [3][-]{subsubsection.5.28.2.43}{\376\377\000L\000C\000D\000S\000e\000t\000C\000h\000a\000r}{subsection.5.28.2}
\BOOKMARK [3][-]{subsubsection.5.28.2.44}{\376\377\000L\000C\000D\000S\000e\000t\000L\000i\000s\000t}{subsection.5.28.2}
\BOOKMARK [3][-]{subsubsection.5.28.2.45}{\376\377\000L\000C\000D\000S\000e\000t\000M\000o\000d\000e}{subsection.5.28.2}
\BOOKMARK [3][-]{subsubsection.5.28.2.46}{\376\377\000L\000C\000D\000S\000e\000t\000P\000i\000x\000e\000l}{subsection.5.28.2}
\BOOKMARK [3][-]{subsubsection.5.28.2.47}{\376\377\000L\000C\000D\000S\000e\000t\000P\000o\000s}{subsection.5.28.2}
\BOOKMARK [3][-]{subsubsection.5.28.2.48}{\376\377\000L\000C\000D\000S\000e\000t\000P\000r\000i\000n\000t\000f}{subsection.5.28.2}
\BOOKMARK [3][-]{subsubsection.5.28.2.49}{\376\377\000L\000C\000D\000S\000e\000t\000S\000t\000r\000i\000n\000g}{subsection.5.28.2}
\BOOKMARK [3][-]{subsubsection.5.28.2.50}{\376\377\000L\000C\000D\000T\000e\000x\000t\000B\000a\000r}{subsection.5.28.2}
\BOOKMARK [3][-]{subsubsection.5.28.2.51}{\376\377\000L\000C\000D\000T\000e\000x\000t\000C\000o\000l\000o\000r}{subsection.5.28.2}
\BOOKMARK [1][-]{section.5.29}{\376\377\000E\000y\000e\000B\000o\000t\000\137\000B\000B\000/\000s\000r\000c\000/\000m\000i\000s\000c\000.\000c\000\040\000F\000i\000l\000e\000\040\000R\000e\000f\000e\000r\000e\000n\000c\000e}{chapter.5}
\BOOKMARK [2][-]{subsection.5.29.1}{\376\377\000D\000e\000t\000a\000i\000l\000e\000d\000\040\000D\000e\000s\000c\000r\000i\000p\000t\000i\000o\000n}{section.5.29}
\BOOKMARK [1][-]{section.5.30}{\376\377\000E\000y\000e\000B\000o\000t\000\137\000B\000B\000/\000s\000r\000c\000/\000m\000u\000l\000t\000i\000t\000a\000s\000k\000i\000n\000g\000.\000c\000\040\000F\000i\000l\000e\000\040\000R\000e\000f\000e\000r\000e\000n\000c\000e}{chapter.5}
\BOOKMARK [2][-]{subsection.5.30.1}{\376\377\000D\000e\000t\000a\000i\000l\000e\000d\000\040\000D\000e\000s\000c\000r\000i\000p\000t\000i\000o\000n}{section.5.30}
\BOOKMARK [1][-]{section.5.31}{\376\377\000E\000y\000e\000B\000o\000t\000\137\000B\000B\000/\000s\000r\000c\000/\000p\000s\000d\000\137\000s\000e\000n\000s\000o\000r\000s\000.\000c\000\040\000F\000i\000l\000e\000\040\000R\000e\000f\000e\000r\000e\000n\000c\000e}{chapter.5}
\BOOKMARK [2][-]{subsection.5.31.1}{\376\377\000D\000e\000t\000a\000i\000l\000e\000d\000\040\000D\000e\000s\000c\000r\000i\000p\000t\000i\000o\000n}{section.5.31}
\BOOKMARK [2][-]{subsection.5.31.2}{\376\377\000F\000u\000n\000c\000t\000i\000o\000n\000\040\000D\000o\000c\000u\000m\000e\000n\000t\000a\000t\000i\000o\000n}{section.5.31}
\BOOKMARK [3][-]{subsubsection.5.31.2.1}{\376\377\000P\000S\000D\000G\000e\000t}{subsection.5.31.2}
\BOOKMARK [3][-]{subsubsection.5.31.2.2}{\376\377\000P\000S\000D\000G\000e\000t\000R\000a\000w}{subsection.5.31.2}
\BOOKMARK [3][-]{subsubsection.5.31.2.3}{\376\377\000P\000S\000D\000I\000n\000i\000t}{subsection.5.31.2}
\BOOKMARK [3][-]{subsubsection.5.31.2.4}{\376\377\000P\000S\000D\000R\000e\000l\000e\000a\000s\000e}{subsection.5.31.2}
\BOOKMARK [1][-]{section.5.32}{\376\377\000E\000y\000e\000B\000o\000t\000\137\000B\000B\000/\000s\000r\000c\000/\000s\000e\000r\000v\000o\000s\000\137\000a\000n\000d\000\137\000m\000o\000t\000o\000r\000s\000.\000c\000\040\000F\000i\000l\000e\000\040\000R\000e\000f\000e\000r\000e\000n\000c\000e}{chapter.5}
\BOOKMARK [2][-]{subsection.5.32.1}{\376\377\000D\000e\000t\000a\000i\000l\000e\000d\000\040\000D\000e\000s\000c\000r\000i\000p\000t\000i\000o\000n}{section.5.32}
\BOOKMARK [2][-]{subsection.5.32.2}{\376\377\000F\000u\000n\000c\000t\000i\000o\000n\000\040\000D\000o\000c\000u\000m\000e\000n\000t\000a\000t\000i\000o\000n}{section.5.32}
\BOOKMARK [3][-]{subsubsection.5.32.2.1}{\376\377\000M\000O\000T\000O\000R\000D\000r\000i\000v\000e}{subsection.5.32.2}
\BOOKMARK [3][-]{subsubsection.5.32.2.2}{\376\377\000M\000O\000T\000O\000R\000I\000n\000i\000t}{subsection.5.32.2}
\BOOKMARK [3][-]{subsubsection.5.32.2.3}{\376\377\000M\000O\000T\000O\000R\000R\000e\000l\000e\000a\000s\000e}{subsection.5.32.2}
\BOOKMARK [3][-]{subsubsection.5.32.2.4}{\376\377\000Q\000U\000A\000D\000G\000e\000t\000M\000o\000t\000o\000r}{subsection.5.32.2}
\BOOKMARK [3][-]{subsubsection.5.32.2.5}{\376\377\000Q\000U\000A\000D\000I\000n\000i\000t}{subsection.5.32.2}
\BOOKMARK [3][-]{subsubsection.5.32.2.6}{\376\377\000Q\000U\000A\000D\000R\000e\000a\000d}{subsection.5.32.2}
\BOOKMARK [3][-]{subsubsection.5.32.2.7}{\376\377\000Q\000U\000A\000D\000R\000e\000l\000e\000a\000s\000e}{subsection.5.32.2}
\BOOKMARK [3][-]{subsubsection.5.32.2.8}{\376\377\000Q\000U\000A\000D\000R\000e\000s\000e\000t}{subsection.5.32.2}
\BOOKMARK [3][-]{subsubsection.5.32.2.9}{\376\377\000S\000E\000R\000V\000O\000I\000n\000i\000t}{subsection.5.32.2}
\BOOKMARK [3][-]{subsubsection.5.32.2.10}{\376\377\000S\000E\000R\000V\000O\000R\000e\000l\000e\000a\000s\000e}{subsection.5.32.2}
\BOOKMARK [3][-]{subsubsection.5.32.2.11}{\376\377\000S\000E\000R\000V\000O\000S\000e\000t}{subsection.5.32.2}
\BOOKMARK [1][-]{section.5.33}{\376\377\000E\000y\000e\000B\000o\000t\000\137\000B\000B\000/\000s\000r\000c\000/\000s\000p\000i\000.\000c\000\040\000F\000i\000l\000e\000\040\000R\000e\000f\000e\000r\000e\000n\000c\000e}{chapter.5}
\BOOKMARK [2][-]{subsection.5.33.1}{\376\377\000D\000e\000t\000a\000i\000l\000e\000d\000\040\000D\000e\000s\000c\000r\000i\000p\000t\000i\000o\000n}{section.5.33}
\BOOKMARK [2][-]{subsection.5.33.2}{\376\377\000F\000u\000n\000c\000t\000i\000o\000n\000\040\000D\000o\000c\000u\000m\000e\000n\000t\000a\000t\000i\000o\000n}{section.5.33}
\BOOKMARK [3][-]{subsubsection.5.33.2.1}{\376\377\000c\000h\000e\000c\000k\000E\000r\000r\000o\000r}{subsection.5.33.2}
\BOOKMARK [3][-]{subsubsection.5.33.2.2}{\376\377\000S\000P\000I\000I\000n\000i\000t}{subsection.5.33.2}
\BOOKMARK [3][-]{subsubsection.5.33.2.3}{\376\377\000S\000P\000I\000R\000e\000a\000d}{subsection.5.33.2}
\BOOKMARK [3][-]{subsubsection.5.33.2.4}{\376\377\000S\000P\000I\000R\000e\000a\000d\000D\000e\000f\000a\000u\000l\000t}{subsection.5.33.2}
\BOOKMARK [3][-]{subsubsection.5.33.2.5}{\376\377\000S\000P\000I\000R\000e\000l\000e\000a\000s\000e}{subsection.5.33.2}
\BOOKMARK [3][-]{subsubsection.5.33.2.6}{\376\377\000S\000P\000I\000S\000e\000n\000d}{subsection.5.33.2}
\BOOKMARK [3][-]{subsubsection.5.33.2.7}{\376\377\000S\000P\000I\000S\000e\000n\000d\000D\000e\000f\000a\000u\000l\000t}{subsection.5.33.2}
\BOOKMARK [1][-]{section.5.34}{\376\377\000E\000y\000e\000B\000o\000t\000\137\000B\000B\000/\000s\000r\000c\000/\000s\000y\000s\000t\000e\000m\000.\000c\000\040\000F\000i\000l\000e\000\040\000R\000e\000f\000e\000r\000e\000n\000c\000e}{chapter.5}
\BOOKMARK [2][-]{subsection.5.34.1}{\376\377\000D\000e\000t\000a\000i\000l\000e\000d\000\040\000D\000e\000s\000c\000r\000i\000p\000t\000i\000o\000n}{section.5.34}
\BOOKMARK [2][-]{subsection.5.34.2}{\376\377\000F\000u\000n\000c\000t\000i\000o\000n\000\040\000D\000o\000c\000u\000m\000e\000n\000t\000a\000t\000i\000o\000n}{section.5.34}
\BOOKMARK [3][-]{subsubsection.5.34.2.1}{\376\377\000O\000S\000E\000r\000r\000o\000r}{subsection.5.34.2}
\BOOKMARK [3][-]{subsubsection.5.34.2.2}{\376\377\000O\000S\000I\000n\000f\000o\000C\000P\000U}{subsection.5.34.2}
\BOOKMARK [3][-]{subsubsection.5.34.2.3}{\376\377\000O\000S\000I\000n\000f\000o\000M\000e\000m}{subsection.5.34.2}
\BOOKMARK [3][-]{subsubsection.5.34.2.4}{\376\377\000O\000S\000I\000n\000f\000o\000M\000i\000s\000c}{subsection.5.34.2}
\BOOKMARK [3][-]{subsubsection.5.34.2.5}{\376\377\000O\000S\000I\000n\000f\000o\000P\000r\000o\000c}{subsection.5.34.2}
\BOOKMARK [3][-]{subsubsection.5.34.2.6}{\376\377\000O\000S\000M\000a\000c\000h\000i\000n\000e\000I\000D}{subsection.5.34.2}
\BOOKMARK [3][-]{subsubsection.5.34.2.7}{\376\377\000O\000S\000M\000a\000c\000h\000i\000n\000e\000N\000a\000m\000e}{subsection.5.34.2}
\BOOKMARK [3][-]{subsubsection.5.34.2.8}{\376\377\000O\000S\000M\000a\000c\000h\000i\000n\000e\000S\000p\000e\000e\000d}{subsection.5.34.2}
\BOOKMARK [3][-]{subsubsection.5.34.2.9}{\376\377\000O\000S\000M\000a\000c\000h\000i\000n\000e\000T\000y\000p\000e}{subsection.5.34.2}
\BOOKMARK [3][-]{subsubsection.5.34.2.10}{\376\377\000O\000S\000V\000e\000r\000s\000i\000o\000n}{subsection.5.34.2}
\BOOKMARK [1][-]{section.5.35}{\376\377\000E\000y\000e\000B\000o\000t\000\137\000B\000B\000/\000s\000r\000c\000/\000t\000i\000m\000e\000r\000.\000c\000\040\000F\000i\000l\000e\000\040\000R\000e\000f\000e\000r\000e\000n\000c\000e}{chapter.5}
\BOOKMARK [2][-]{subsection.5.35.1}{\376\377\000D\000e\000t\000a\000i\000l\000e\000d\000\040\000D\000e\000s\000c\000r\000i\000p\000t\000i\000o\000n}{section.5.35}
\BOOKMARK [2][-]{subsection.5.35.2}{\376\377\000F\000u\000n\000c\000t\000i\000o\000n\000\040\000D\000o\000c\000u\000m\000e\000n\000t\000a\000t\000i\000o\000n}{section.5.35}
\BOOKMARK [3][-]{subsubsection.5.35.2.1}{\376\377\000O\000S\000W\000a\000i\000t}{subsection.5.35.2}
\BOOKMARK [1][-]{section.5.36}{\376\377\000E\000y\000e\000B\000o\000t\000\137\000B\000B\000/\000s\000r\000c\000/\000v\000o\000m\000e\000g\000a\000.\000c\000\040\000F\000i\000l\000e\000\040\000R\000e\000f\000e\000r\000e\000n\000c\000e}{chapter.5}
\BOOKMARK [2][-]{subsection.5.36.1}{\376\377\000D\000e\000t\000a\000i\000l\000e\000d\000\040\000D\000e\000s\000c\000r\000i\000p\000t\000i\000o\000n}{section.5.36}
\BOOKMARK [2][-]{subsection.5.36.2}{\376\377\000F\000u\000n\000c\000t\000i\000o\000n\000\040\000D\000o\000c\000u\000m\000e\000n\000t\000a\000t\000i\000o\000n}{section.5.36}
\BOOKMARK [3][-]{subsubsection.5.36.2.1}{\376\377\000V\000W\000D\000r\000i\000v\000e\000S\000t\000r\000a\000i\000g\000h\000t}{subsection.5.36.2}
\BOOKMARK [3][-]{subsubsection.5.36.2.2}{\376\377\000V\000W\000D\000r\000i\000v\000e\000T\000u\000r\000n}{subsection.5.36.2}
\BOOKMARK [3][-]{subsubsection.5.36.2.3}{\376\377\000V\000W\000D\000r\000i\000v\000e\000W\000a\000i\000t}{subsection.5.36.2}
\BOOKMARK [3][-]{subsubsection.5.36.2.4}{\376\377\000V\000W\000I\000n\000i\000t}{subsection.5.36.2}
